<?xml version="1.0" encoding="UTF-8"?>
<testng-results skipped="0" failed="0" ignored="0" total="1" passed="1">
  <reporter-output>
  </reporter-output>
  <suite name="Default suite" duration-ms="17921" started-at="2018-10-09T16:02:53Z" finished-at="2018-10-09T16:03:11Z">
    <groups>
    </groups>
    <test name="Default test" duration-ms="17921" started-at="2018-10-09T16:02:53Z" finished-at="2018-10-09T16:03:11Z">
      <class name="TestNGtests.TestNGTjzoideDemo">
        <test-method status="PASS" signature="setUp()[pri:0, instance:TestNGtests.TestNGTjzoideDemo@464bee09]" name="setUp" is-config="true" duration-ms="4296" started-at="2018-10-09T16:02:53Z" finished-at="2018-10-09T16:02:57Z">
          <reporter-output>
          </reporter-output>
        </test-method> <!-- setUp -->
        <test-method status="PASS" signature="testNGTjzoideDemo()[pri:0, instance:TestNGtests.TestNGTjzoideDemo@464bee09]" name="testNGTjzoideDemo" duration-ms="12065" started-at="2018-10-09T16:02:57Z" finished-at="2018-10-09T16:03:09Z">
          <reporter-output>
          </reporter-output>
        </test-method> <!-- testNGTjzoideDemo -->
        <test-method status="PASS" signature="tearDown()[pri:0, instance:TestNGtests.TestNGTjzoideDemo@464bee09]" name="tearDown" is-config="true" duration-ms="1532" started-at="2018-10-09T16:03:09Z" finished-at="2018-10-09T16:03:11Z">
          <reporter-output>
          </reporter-output>
        </test-method> <!-- tearDown -->
      </class> <!-- TestNGtests.TestNGTjzoideDemo -->
    </test> <!-- Default test -->
  </suite> <!-- Default suite -->
</testng-results>
