<?xml version="1.0" encoding="UTF-8"?>
<!-- Generated by org.testng.reporters.JUnitXMLReporter -->
<testsuite hostname="FIPC" ignored="0" name="TestForTestNG" tests="6" failures="0" timestamp="08 Oct 2018 21:16:17 GMT" time="0.069" errors="0">
  <testcase name="test1" time="0.012" classname="listeners.TestNGListenerDemo"/>
  <testcase name="test2" time="0.002" classname="listeners.TestNGListenerDemo"/>
  <testcase name="test3" time="0.001" classname="listeners.TestNGListenerDemo">
    <skipped/>
  </testcase> <!-- test3 -->
  <testcase name="test21" time="0.001" classname="listeners.TestNGListenerDemo2"/>
  <testcase name="test22" time="0.001" classname="listeners.TestNGListenerDemo2"/>
  <testcase name="test23" time="0.001" classname="listeners.TestNGListenerDemo2">
    <skipped/>
  </testcase> <!-- test23 -->
</testsuite> <!-- TestForTestNG -->
