<?xml version="1.0" encoding="UTF-8"?>
<!-- Generated by org.testng.reporters.JUnitXMLReporter -->
<testsuite hostname="FIPC" ignored="1" name="Test" tests="3" failures="0" timestamp="07 Oct 2018 02:41:42 GMT" time="15.209" errors="0">
  <testcase name="testBrowser" time="8.825" classname="TestNGtests.TestNGTestCase1"/>
  <testcase name="testBrowser2" time="9.109" classname="TestNGtests.TestNGTestCase2"/>
  <testcase name="testBrowser2" time="6.336" classname="TestNGtests.TestNGTestCase1"/>
  <testcase name="testBrowser" time="0.0" classname="TestNGtests.TestNGTestCase2">
    <ignored/>
  </testcase> <!-- testBrowser -->
</testsuite> <!-- Test -->
