<?xml version="1.0" encoding="UTF-8"?>
<!-- Generated by org.testng.reporters.JUnitXMLReporter -->
<testsuite hostname="FIPC" ignored="2" name="TestGroup" tests="4" failures="0" timestamp="09 Oct 2018 04:33:04 GMT" time="0.068" errors="0">
  <testcase name="test1" time="0.015" classname="TestNGtests.TestNGGroupDemo"/>
  <testcase name="test2" time="0.001" classname="TestNGtests.TestNGGroupDemo"/>
  <testcase name="test3" time="0.002" classname="TestNGtests.TestNGGroupDemo"/>
  <testcase name="test4" time="0.002" classname="TestNGtests.TestNGGroupDemo"/>
  <testcase name="test5" time="0.0" classname="TestNGtests.TestNGGroupDemo">
    <ignored/>
  </testcase> <!-- test5 -->
  <testcase name="test6" time="0.0" classname="TestNGtests.TestNGGroupDemo">
    <ignored/>
  </testcase> <!-- test6 -->
</testsuite> <!-- TestGroup -->
